2025-03-26 16:44:52,091 - INFO - Usu치rio Giulia foi registrado e iniciou monitoramento.
2025-03-26 16:45:12,267 - INFO - N칰mero encontrado: 6,1650 (posi칞칚o 19)
2025-03-26 16:45:42,603 - INFO - N칰mero encontrado: 6,1650 (posi칞칚o 19)
2025-03-26 16:46:13,051 - INFO - N칰mero encontrado: 6,1635 (posi칞칚o 19)
2025-03-26 16:46:13,053 - INFO - Mudan칞a detectada: 6,1635 -> 6,1650
2025-03-26 16:46:43,406 - INFO - N칰mero encontrado: 6,1635 (posi칞칚o 19)
2025-03-26 16:47:13,703 - INFO - N칰mero encontrado: 6,1635 (posi칞칚o 19)
2025-03-26 16:47:44,028 - INFO - N칰mero encontrado: 6,1628 (posi칞칚o 19)
2025-03-26 16:47:44,031 - INFO - Mudan칞a detectada: 6,1628 -> 6,1635
2025-03-26 16:48:14,326 - INFO - N칰mero encontrado: 6,1650 (posi칞칚o 19)
2025-03-26 16:48:14,326 - INFO - Mudan칞a detectada: 6,1650 -> 6,1628
2025-03-26 16:48:44,645 - INFO - N칰mero encontrado: 6,1650 (posi칞칚o 19)
2025-03-26 16:49:15,069 - INFO - N칰mero encontrado: 6,1650 (posi칞칚o 19)
2025-03-26 16:49:45,430 - INFO - N칰mero encontrado: 6,1628 (posi칞칚o 19)
2025-03-26 16:49:45,430 - INFO - Mudan칞a detectada: 6,1628 -> 6,1650
2025-03-26 16:50:15,849 - INFO - N칰mero encontrado: 6,1630 (posi칞칚o 19)
2025-03-26 16:50:15,850 - INFO - Mudan칞a detectada: 6,1630 -> 6,1628
2025-03-26 16:50:46,354 - INFO - N칰mero encontrado: 6,1630 (posi칞칚o 19)
2025-03-26 16:51:16,740 - INFO - N칰mero encontrado: 6,1630 (posi칞칚o 19)
2025-03-26 16:51:47,130 - INFO - N칰mero encontrado: 6,1630 (posi칞칚o 19)
2025-03-26 16:52:17,427 - INFO - N칰mero encontrado: 6,1630 (posi칞칚o 19)
2025-03-26 16:52:47,838 - INFO - N칰mero encontrado: 6,1631 (posi칞칚o 19)
2025-03-26 16:52:47,839 - INFO - Mudan칞a detectada: 6,1631 -> 6,1630
2025-03-26 16:53:18,361 - INFO - N칰mero encontrado: 6,1631 (posi칞칚o 19)
2025-03-26 16:53:48,669 - INFO - N칰mero encontrado: 6,1631 (posi칞칚o 19)
2025-03-26 16:54:19,176 - INFO - N칰mero encontrado: 6,1631 (posi칞칚o 19)
2025-03-26 16:54:49,641 - INFO - N칰mero encontrado: 6,1631 (posi칞칚o 19)
2025-03-26 16:55:20,007 - INFO - N칰mero encontrado: 6,1631 (posi칞칚o 19)
2025-03-26 16:55:50,341 - INFO - N칰mero encontrado: 6,1631 (posi칞칚o 19)
2025-03-26 16:56:20,644 - INFO - N칰mero encontrado: 6,1631 (posi칞칚o 19)
2025-03-26 16:56:51,076 - INFO - N칰mero encontrado: 6,1598 (posi칞칚o 19)
2025-03-26 16:56:51,078 - INFO - Mudan칞a detectada: 6,1598 -> 6,1631
2025-03-26 16:57:21,528 - INFO - N칰mero encontrado: 6,1598 (posi칞칚o 19)
2025-03-26 16:57:51,966 - INFO - N칰mero encontrado: 6,1598 (posi칞칚o 19)
2025-03-26 16:58:22,421 - INFO - N칰mero encontrado: 6,1598 (posi칞칚o 19)
2025-03-26 16:58:52,838 - INFO - N칰mero encontrado: 6,1598 (posi칞칚o 19)
2025-03-26 16:59:23,276 - INFO - N칰mero encontrado: 6,1598 (posi칞칚o 19)
2025-03-26 16:59:53,644 - INFO - N칰mero encontrado: 6,1598 (posi칞칚o 19)
2025-03-26 17:00:23,949 - INFO - N칰mero encontrado: 6,1598 (posi칞칚o 19)
2025-03-26 17:00:54,244 - INFO - N칰mero encontrado: 6,1598 (posi칞칚o 19)
2025-03-26 17:01:24,553 - INFO - N칰mero encontrado: 6,1606 (posi칞칚o 19)
2025-03-26 17:01:24,554 - INFO - Mudan칞a detectada: 6,1606 -> 6,1598
2025-03-26 17:01:54,992 - INFO - N칰mero encontrado: 6,1606 (posi칞칚o 19)
2025-03-26 17:02:25,466 - INFO - N칰mero encontrado: 6,1606 (posi칞칚o 19)
2025-03-26 17:02:55,801 - INFO - N칰mero encontrado: 6,1606 (posi칞칚o 19)
2025-03-26 17:03:26,238 - INFO - N칰mero encontrado: 6,1606 (posi칞칚o 19)
2025-03-26 22:51:19,708 - INFO - Usu치rio Giulia foi registrado e iniciou monitoramento.
2025-03-26 22:55:15,675 - INFO - Usu치rio Giulia foi registrado e iniciou monitoramento.
2025-03-26 22:55:33,530 - INFO - XPath do n칰mero 6,1630: /[document][2]/html[4]/body[39]/div[4]/div[2]/div[8]/a[4]/div[1]
2025-03-26 22:55:33,530 - INFO - N칰mero encontrado: 6,1630 (posi칞칚o 19)
2025-03-26 22:56:03,855 - INFO - XPath do n칰mero 6,1630: /[document][2]/html[4]/body[39]/div[4]/div[2]/div[8]/a[4]/div[1]
2025-03-26 22:56:03,855 - INFO - N칰mero encontrado: 6,1630 (posi칞칚o 19)
2025-03-26 22:56:45,582 - INFO - Usu치rio Giulia foi registrado e iniciou monitoramento.
2025-03-26 22:56:52,532 - INFO - XPath do n칰mero 6,1630: /[document][2]/html[4]/body[39]/div[4]/div[2]/div[8]/a[4]/div[1]
2025-03-26 22:56:52,532 - INFO - N칰mero encontrado: 6,1630 (posi칞칚o 19)
2025-03-26 22:57:22,999 - INFO - XPath do n칰mero 6,1630: /[document][2]/html[4]/body[39]/div[4]/div[2]/div[8]/a[4]/div[1]
2025-03-26 22:57:22,999 - INFO - N칰mero encontrado: 6,1630 (posi칞칚o 19)
2025-03-26 22:57:53,439 - INFO - XPath do n칰mero 6,1630: /[document][2]/html[4]/body[39]/div[4]/div[2]/div[8]/a[4]/div[1]
2025-03-26 22:57:53,439 - INFO - N칰mero encontrado: 6,1630 (posi칞칚o 19)
2025-03-26 22:58:23,833 - INFO - XPath do n칰mero 6,1630: /[document][2]/html[4]/body[39]/div[4]/div[2]/div[8]/a[4]/div[1]
2025-03-26 22:58:23,833 - INFO - N칰mero encontrado: 6,1630 (posi칞칚o 19)
2025-03-26 22:58:54,324 - INFO - XPath do n칰mero 6,1630: /[document][2]/html[4]/body[39]/div[4]/div[2]/div[8]/a[4]/div[1]
2025-03-26 22:58:54,324 - INFO - N칰mero encontrado: 6,1630 (posi칞칚o 19)
2025-03-27 22:35:02,737 - INFO - Usu치rio Giulia foi registrado e iniciou monitoramento.
2025-03-27 22:35:09,796 - INFO - XPath do n칰mero 6,2088: /[document][2]/html[4]/body[39]/div[4]/div[2]/div[8]/a[4]/div[1]
2025-03-27 22:35:09,796 - INFO - N칰mero encontrado: 6,2088 (posi칞칚o 19)
2025-03-27 22:35:40,293 - INFO - XPath do n칰mero 6,2088: /[document][2]/html[4]/body[39]/div[4]/div[2]/div[8]/a[4]/div[1]
2025-03-27 22:35:40,293 - INFO - N칰mero encontrado: 6,2088 (posi칞칚o 19)
2025-03-27 22:36:10,860 - INFO - XPath do n칰mero 6,2088: /[document][2]/html[4]/body[39]/div[4]/div[2]/div[8]/a[4]/div[1]
2025-03-27 22:36:10,860 - INFO - N칰mero encontrado: 6,2088 (posi칞칚o 19)
2025-03-27 22:36:41,350 - INFO - XPath do n칰mero 6,2088: /[document][2]/html[4]/body[39]/div[4]/div[2]/div[8]/a[4]/div[1]
2025-03-27 22:36:41,350 - INFO - N칰mero encontrado: 6,2088 (posi칞칚o 19)
2025-03-27 22:37:11,792 - INFO - XPath do n칰mero 6,2088: /[document][2]/html[4]/body[39]/div[4]/div[2]/div[8]/a[4]/div[1]
2025-03-27 22:37:11,792 - INFO - N칰mero encontrado: 6,2088 (posi칞칚o 19)
2025-03-27 22:37:42,300 - INFO - XPath do n칰mero 6,2088: /[document][2]/html[4]/body[39]/div[4]/div[2]/div[8]/a[4]/div[1]
2025-03-27 22:37:42,300 - INFO - N칰mero encontrado: 6,2088 (posi칞칚o 19)
2025-03-27 22:38:12,809 - INFO - XPath do n칰mero 6,2088: /[document][2]/html[4]/body[39]/div[4]/div[2]/div[8]/a[4]/div[1]
2025-03-27 22:38:12,809 - INFO - N칰mero encontrado: 6,2088 (posi칞칚o 19)
2025-03-27 22:38:43,243 - INFO - XPath do n칰mero 6,2088: /[document][2]/html[4]/body[39]/div[4]/div[2]/div[8]/a[4]/div[1]
2025-03-27 22:38:43,243 - INFO - N칰mero encontrado: 6,2088 (posi칞칚o 19)
2025-03-27 22:39:13,752 - INFO - XPath do n칰mero 6,2088: /[document][2]/html[4]/body[39]/div[4]/div[2]/div[8]/a[4]/div[1]
2025-03-27 22:39:13,752 - INFO - N칰mero encontrado: 6,2088 (posi칞칚o 19)
2025-03-27 22:39:44,213 - INFO - XPath do n칰mero 6,2088: /[document][2]/html[4]/body[39]/div[4]/div[2]/div[8]/a[4]/div[1]
2025-03-27 22:39:44,213 - INFO - N칰mero encontrado: 6,2088 (posi칞칚o 19)
2025-03-27 22:40:14,623 - INFO - XPath do n칰mero 6,2088: /[document][2]/html[4]/body[39]/div[4]/div[2]/div[8]/a[4]/div[1]
2025-03-27 22:40:14,623 - INFO - N칰mero encontrado: 6,2088 (posi칞칚o 19)
2025-03-27 22:40:45,155 - INFO - XPath do n칰mero 6,2088: /[document][2]/html[4]/body[39]/div[4]/div[2]/div[8]/a[4]/div[1]
2025-03-27 22:40:45,155 - INFO - N칰mero encontrado: 6,2088 (posi칞칚o 19)
2025-03-27 22:41:15,685 - INFO - XPath do n칰mero 6,2088: /[document][2]/html[4]/body[39]/div[4]/div[2]/div[8]/a[4]/div[1]
2025-03-27 22:41:15,685 - INFO - N칰mero encontrado: 6,2088 (posi칞칚o 19)
2025-03-27 22:41:46,203 - INFO - XPath do n칰mero 6,2088: /[document][2]/html[4]/body[39]/div[4]/div[2]/div[8]/a[4]/div[1]
2025-03-27 22:41:46,203 - INFO - N칰mero encontrado: 6,2088 (posi칞칚o 19)
2025-03-27 22:42:16,737 - INFO - XPath do n칰mero 6,2088: /[document][2]/html[4]/body[39]/div[4]/div[2]/div[8]/a[4]/div[1]
2025-03-27 22:42:16,737 - INFO - N칰mero encontrado: 6,2088 (posi칞칚o 19)
2025-03-27 22:42:47,232 - INFO - XPath do n칰mero 6,2088: /[document][2]/html[4]/body[39]/div[4]/div[2]/div[8]/a[4]/div[1]
2025-03-27 22:42:47,232 - INFO - N칰mero encontrado: 6,2088 (posi칞칚o 19)
2025-03-27 22:43:17,673 - INFO - XPath do n칰mero 6,2088: /[document][2]/html[4]/body[39]/div[4]/div[2]/div[8]/a[4]/div[1]
2025-03-27 22:43:17,673 - INFO - N칰mero encontrado: 6,2088 (posi칞칚o 19)
2025-03-27 22:43:48,084 - INFO - XPath do n칰mero 6,2088: /[document][2]/html[4]/body[39]/div[4]/div[2]/div[8]/a[4]/div[1]
2025-03-27 22:43:48,084 - INFO - N칰mero encontrado: 6,2088 (posi칞칚o 19)
2025-03-27 22:44:18,737 - INFO - XPath do n칰mero 6,2088: /[document][2]/html[4]/body[39]/div[4]/div[2]/div[8]/a[4]/div[1]
2025-03-27 22:44:18,737 - INFO - N칰mero encontrado: 6,2088 (posi칞칚o 19)
2025-03-27 22:44:49,353 - INFO - XPath do n칰mero 6,2088: /[document][2]/html[4]/body[39]/div[4]/div[2]/div[8]/a[4]/div[1]
2025-03-27 22:44:49,354 - INFO - N칰mero encontrado: 6,2088 (posi칞칚o 19)
2025-03-27 22:45:19,826 - INFO - XPath do n칰mero 6,2088: /[document][2]/html[4]/body[39]/div[4]/div[2]/div[8]/a[4]/div[1]
2025-03-27 22:45:19,826 - INFO - N칰mero encontrado: 6,2088 (posi칞칚o 19)
2025-03-27 22:45:50,238 - INFO - XPath do n칰mero 6,2088: /[document][2]/html[4]/body[39]/div[4]/div[2]/div[8]/a[4]/div[1]
2025-03-27 22:45:50,238 - INFO - N칰mero encontrado: 6,2088 (posi칞칚o 19)
2025-03-27 22:46:20,743 - INFO - XPath do n칰mero 6,2088: /[document][2]/html[4]/body[39]/div[4]/div[2]/div[8]/a[4]/div[1]
2025-03-27 22:46:20,743 - INFO - N칰mero encontrado: 6,2088 (posi칞칚o 19)
2025-03-27 22:46:51,241 - INFO - XPath do n칰mero 6,2088: /[document][2]/html[4]/body[39]/div[4]/div[2]/div[8]/a[4]/div[1]
2025-03-27 22:46:51,241 - INFO - N칰mero encontrado: 6,2088 (posi칞칚o 19)
2025-03-28 09:35:30,709 - ERROR - Erro ao acessar a URL https://valor.globo.com/valor-data/: HTTPSConnectionPool(host='valor.globo.com', port=443): Max retries exceeded with url: /valor-data/ (Caused by SSLError(SSLError(1, '[SSL: SSLV3_ALERT_HANDSHAKE_FAILURE] sslv3 alert handshake failure (_ssl.c:1000)')))
2025-03-28 09:36:00,786 - ERROR - Erro ao acessar a URL https://valor.globo.com/valor-data/: HTTPSConnectionPool(host='valor.globo.com', port=443): Max retries exceeded with url: /valor-data/ (Caused by SSLError(SSLError(1, '[SSL: SSLV3_ALERT_HANDSHAKE_FAILURE] sslv3 alert handshake failure (_ssl.c:1000)')))
2025-03-28 09:36:31,198 - INFO - XPath do n칰mero 6,2131: /[document][2]/html[4]/body[39]/div[4]/div[2]/div[8]/a[4]/div[1]
2025-03-28 09:36:31,198 - INFO - N칰mero encontrado: 6,2131 (posi칞칚o 19)
2025-03-28 09:36:31,201 - INFO - Mudan칞a detectada: 6,2131 -> 6,2088
2025-03-28 09:37:01,708 - INFO - XPath do n칰mero 6,2154: /[document][2]/html[4]/body[39]/div[4]/div[2]/div[8]/a[4]/div[1]
2025-03-28 09:37:01,708 - INFO - N칰mero encontrado: 6,2154 (posi칞칚o 19)
2025-03-28 09:37:01,710 - INFO - Mudan칞a detectada: 6,2154 -> 6,2131
2025-03-28 09:37:32,067 - INFO - XPath do n칰mero 6,2154: /[document][2]/html[4]/body[39]/div[4]/div[2]/div[8]/a[4]/div[1]
2025-03-28 09:37:32,067 - INFO - N칰mero encontrado: 6,2154 (posi칞칚o 19)
2025-03-28 09:38:02,444 - INFO - XPath do n칰mero 6,2154: /[document][2]/html[4]/body[39]/div[4]/div[2]/div[8]/a[4]/div[1]
2025-03-28 09:38:02,444 - INFO - N칰mero encontrado: 6,2154 (posi칞칚o 19)
2025-03-28 09:38:33,337 - INFO - XPath do n칰mero 6,2154: /[document][2]/html[4]/body[39]/div[4]/div[2]/div[8]/a[4]/div[1]
2025-03-28 09:38:33,337 - INFO - N칰mero encontrado: 6,2154 (posi칞칚o 19)
2025-03-28 09:39:04,399 - INFO - XPath do n칰mero 6,2131: /[document][2]/html[4]/body[39]/div[4]/div[2]/div[8]/a[4]/div[1]
2025-03-28 09:39:04,399 - INFO - N칰mero encontrado: 6,2131 (posi칞칚o 19)
2025-03-28 09:39:04,399 - INFO - Mudan칞a detectada: 6,2131 -> 6,2154
2025-03-28 09:39:34,855 - INFO - XPath do n칰mero 6,2131: /[document][2]/html[4]/body[39]/div[4]/div[2]/div[8]/a[4]/div[1]
2025-03-28 09:39:34,855 - INFO - N칰mero encontrado: 6,2131 (posi칞칚o 19)
2025-03-28 09:40:05,181 - INFO - XPath do n칰mero 6,2193: /[document][2]/html[4]/body[39]/div[4]/div[2]/div[8]/a[4]/div[1]
2025-03-28 09:40:05,181 - INFO - N칰mero encontrado: 6,2193 (posi칞칚o 19)
2025-03-28 09:40:05,181 - INFO - Mudan칞a detectada: 6,2193 -> 6,2131
2025-03-28 09:40:35,665 - INFO - XPath do n칰mero 6,2131: /[document][2]/html[4]/body[39]/div[4]/div[2]/div[8]/a[4]/div[1]
2025-03-28 09:40:35,665 - INFO - N칰mero encontrado: 6,2131 (posi칞칚o 19)
2025-03-28 09:40:35,665 - INFO - Mudan칞a detectada: 6,2131 -> 6,2193
2025-03-28 09:41:06,115 - INFO - XPath do n칰mero 6,2193: /[document][2]/html[4]/body[39]/div[4]/div[2]/div[8]/a[4]/div[1]
2025-03-28 09:41:06,130 - INFO - N칰mero encontrado: 6,2193 (posi칞칚o 19)
2025-03-28 09:41:06,130 - INFO - Mudan칞a detectada: 6,2193 -> 6,2131
2025-03-28 09:41:36,667 - INFO - XPath do n칰mero 6,2154: /[document][2]/html[4]/body[39]/div[4]/div[2]/div[8]/a[4]/div[1]
2025-03-28 09:41:36,667 - INFO - N칰mero encontrado: 6,2154 (posi칞칚o 19)
2025-03-28 09:41:36,667 - INFO - Mudan칞a detectada: 6,2154 -> 6,2193
2025-03-28 09:42:07,062 - INFO - XPath do n칰mero 6,2154: /[document][2]/html[4]/body[39]/div[4]/div[2]/div[8]/a[4]/div[1]
2025-03-28 09:42:07,062 - INFO - N칰mero encontrado: 6,2154 (posi칞칚o 19)
2025-03-28 09:42:37,477 - INFO - XPath do n칰mero 6,2154: /[document][2]/html[4]/body[39]/div[4]/div[2]/div[8]/a[4]/div[1]
2025-03-28 09:42:37,477 - INFO - N칰mero encontrado: 6,2154 (posi칞칚o 19)
2025-03-28 09:43:08,203 - INFO - XPath do n칰mero 6,2154: /[document][2]/html[4]/body[39]/div[4]/div[2]/div[8]/a[4]/div[1]
2025-03-28 09:43:08,203 - INFO - N칰mero encontrado: 6,2154 (posi칞칚o 19)
2025-03-28 09:43:38,658 - INFO - XPath do n칰mero 6,2154: /[document][2]/html[4]/body[39]/div[4]/div[2]/div[8]/a[4]/div[1]
2025-03-28 09:43:38,658 - INFO - N칰mero encontrado: 6,2154 (posi칞칚o 19)
2025-03-28 09:44:09,553 - INFO - XPath do n칰mero 6,2154: /[document][2]/html[4]/body[39]/div[4]/div[2]/div[8]/a[4]/div[1]
2025-03-28 09:44:09,553 - INFO - N칰mero encontrado: 6,2154 (posi칞칚o 19)
2025-03-28 09:44:40,361 - INFO - XPath do n칰mero 6,2145: /[document][2]/html[4]/body[39]/div[4]/div[2]/div[8]/a[4]/div[1]
2025-03-28 09:44:40,361 - INFO - N칰mero encontrado: 6,2145 (posi칞칚o 19)
2025-03-28 09:44:40,361 - INFO - Mudan칞a detectada: 6,2145 -> 6,2154
2025-03-28 09:45:11,235 - INFO - XPath do n칰mero 6,2145: /[document][2]/html[4]/body[39]/div[4]/div[2]/div[8]/a[4]/div[1]
2025-03-28 09:45:11,236 - INFO - N칰mero encontrado: 6,2145 (posi칞칚o 19)
2025-03-28 09:45:41,710 - INFO - XPath do n칰mero 6,2168: /[document][2]/html[4]/body[39]/div[4]/div[2]/div[8]/a[4]/div[1]
2025-03-28 09:45:41,710 - INFO - N칰mero encontrado: 6,2168 (posi칞칚o 19)
2025-03-28 09:45:41,710 - INFO - Mudan칞a detectada: 6,2168 -> 6,2145
2025-03-28 09:46:12,146 - INFO - XPath do n칰mero 6,2168: /[document][2]/html[4]/body[39]/div[4]/div[2]/div[8]/a[4]/div[1]
2025-03-28 09:46:12,146 - INFO - N칰mero encontrado: 6,2168 (posi칞칚o 19)
2025-03-28 09:46:42,581 - INFO - XPath do n칰mero 6,2168: /[document][2]/html[4]/body[39]/div[4]/div[2]/div[8]/a[4]/div[1]
2025-03-28 09:46:42,581 - INFO - N칰mero encontrado: 6,2168 (posi칞칚o 19)
2025-03-28 09:47:13,297 - INFO - XPath do n칰mero 6,2145: /[document][2]/html[4]/body[39]/div[4]/div[2]/div[8]/a[4]/div[1]
2025-03-28 09:47:13,297 - INFO - N칰mero encontrado: 6,2145 (posi칞칚o 19)
2025-03-28 09:47:13,297 - INFO - Mudan칞a detectada: 6,2145 -> 6,2168
2025-03-28 09:47:43,808 - INFO - XPath do n칰mero 6,2145: /[document][2]/html[4]/body[39]/div[4]/div[2]/div[8]/a[4]/div[1]
2025-03-28 09:47:43,808 - INFO - N칰mero encontrado: 6,2145 (posi칞칚o 19)
2025-03-28 09:48:14,303 - INFO - XPath do n칰mero 6,2183: /[document][2]/html[4]/body[39]/div[4]/div[2]/div[8]/a[4]/div[1]
2025-03-28 09:48:14,304 - INFO - N칰mero encontrado: 6,2183 (posi칞칚o 19)
2025-03-28 09:48:14,306 - INFO - Mudan칞a detectada: 6,2183 -> 6,2145
2025-03-28 09:48:45,059 - INFO - XPath do n칰mero 6,2168: /[document][2]/html[4]/body[39]/div[4]/div[2]/div[8]/a[4]/div[1]
2025-03-28 09:48:45,059 - INFO - N칰mero encontrado: 6,2168 (posi칞칚o 19)
2025-03-28 09:48:45,062 - INFO - Mudan칞a detectada: 6,2168 -> 6,2183
2025-03-28 09:49:15,825 - INFO - XPath do n칰mero 6,2183: /[document][2]/html[4]/body[39]/div[4]/div[2]/div[8]/a[4]/div[1]
2025-03-28 09:49:15,825 - INFO - N칰mero encontrado: 6,2183 (posi칞칚o 19)
2025-03-28 09:49:15,827 - INFO - Mudan칞a detectada: 6,2183 -> 6,2168
2025-03-28 09:49:46,332 - INFO - XPath do n칰mero 6,2183: /[document][2]/html[4]/body[39]/div[4]/div[2]/div[8]/a[4]/div[1]
2025-03-28 09:49:46,332 - INFO - N칰mero encontrado: 6,2183 (posi칞칚o 19)
2025-03-28 09:50:16,762 - INFO - XPath do n칰mero 6,2183: /[document][2]/html[4]/body[39]/div[4]/div[2]/div[8]/a[4]/div[1]
2025-03-28 09:50:16,762 - INFO - N칰mero encontrado: 6,2183 (posi칞칚o 19)
2025-03-28 09:50:47,177 - INFO - XPath do n칰mero 6,2183: /[document][2]/html[4]/body[39]/div[4]/div[2]/div[8]/a[4]/div[1]
2025-03-28 09:50:47,177 - INFO - N칰mero encontrado: 6,2183 (posi칞칚o 19)
2025-03-28 09:51:17,512 - INFO - XPath do n칰mero 6,2183: /[document][2]/html[4]/body[39]/div[4]/div[2]/div[8]/a[4]/div[1]
2025-03-28 09:51:17,512 - INFO - N칰mero encontrado: 6,2183 (posi칞칚o 19)
2025-03-28 09:51:47,920 - INFO - XPath do n칰mero 6,2146: /[document][2]/html[4]/body[39]/div[4]/div[2]/div[8]/a[4]/div[1]
2025-03-28 09:51:47,920 - INFO - N칰mero encontrado: 6,2146 (posi칞칚o 19)
2025-03-28 09:51:47,922 - INFO - Mudan칞a detectada: 6,2146 -> 6,2183
2025-03-28 09:52:18,553 - INFO - XPath do n칰mero 6,2146: /[document][2]/html[4]/body[39]/div[4]/div[2]/div[8]/a[4]/div[1]
2025-03-28 09:52:18,553 - INFO - N칰mero encontrado: 6,2146 (posi칞칚o 19)
2025-03-28 09:52:49,000 - INFO - XPath do n칰mero 6,2146: /[document][2]/html[4]/body[39]/div[4]/div[2]/div[8]/a[4]/div[1]
2025-03-28 09:52:49,000 - INFO - N칰mero encontrado: 6,2146 (posi칞칚o 19)
2025-03-28 09:53:19,486 - INFO - XPath do n칰mero 6,2146: /[document][2]/html[4]/body[39]/div[4]/div[2]/div[8]/a[4]/div[1]
2025-03-28 09:53:19,486 - INFO - N칰mero encontrado: 6,2146 (posi칞칚o 19)
2025-03-28 09:53:49,894 - INFO - XPath do n칰mero 6,2146: /[document][2]/html[4]/body[39]/div[4]/div[2]/div[8]/a[4]/div[1]
2025-03-28 09:53:49,894 - INFO - N칰mero encontrado: 6,2146 (posi칞칚o 19)
2025-03-28 09:54:20,360 - INFO - XPath do n칰mero 6,2215: /[document][2]/html[4]/body[39]/div[4]/div[2]/div[8]/a[4]/div[1]
2025-03-28 09:54:20,360 - INFO - N칰mero encontrado: 6,2215 (posi칞칚o 19)
2025-03-28 09:54:20,369 - INFO - Mudan칞a detectada: 6,2215 -> 6,2146
2025-03-28 09:54:51,002 - INFO - XPath do n칰mero 6,2215: /[document][2]/html[4]/body[39]/div[4]/div[2]/div[8]/a[4]/div[1]
2025-03-28 09:54:51,002 - INFO - N칰mero encontrado: 6,2215 (posi칞칚o 19)
2025-03-28 09:55:21,847 - INFO - XPath do n칰mero 6,2215: /[document][2]/html[4]/body[39]/div[4]/div[2]/div[8]/a[4]/div[1]
2025-03-28 09:55:21,847 - INFO - N칰mero encontrado: 6,2215 (posi칞칚o 19)
2025-03-28 09:55:52,428 - INFO - XPath do n칰mero 6,2215: /[document][2]/html[4]/body[39]/div[4]/div[2]/div[8]/a[4]/div[1]
2025-03-28 09:55:52,428 - INFO - N칰mero encontrado: 6,2215 (posi칞칚o 19)
2025-03-28 09:56:22,951 - INFO - XPath do n칰mero 6,2215: /[document][2]/html[4]/body[39]/div[4]/div[2]/div[8]/a[4]/div[1]
2025-03-28 09:56:22,951 - INFO - N칰mero encontrado: 6,2215 (posi칞칚o 19)
2025-03-28 09:56:53,423 - INFO - XPath do n칰mero 6,2215: /[document][2]/html[4]/body[39]/div[4]/div[2]/div[8]/a[4]/div[1]
2025-03-28 09:56:53,423 - INFO - N칰mero encontrado: 6,2215 (posi칞칚o 19)
2025-03-28 09:57:23,785 - INFO - XPath do n칰mero 6,2125: /[document][2]/html[4]/body[39]/div[4]/div[2]/div[8]/a[4]/div[1]
2025-03-28 09:57:23,785 - INFO - N칰mero encontrado: 6,2125 (posi칞칚o 19)
2025-03-28 09:57:23,786 - INFO - Mudan칞a detectada: 6,2125 -> 6,2215
2025-03-28 09:57:54,424 - INFO - XPath do n칰mero 6,2125: /[document][2]/html[4]/body[39]/div[4]/div[2]/div[8]/a[4]/div[1]
2025-03-28 09:57:54,424 - INFO - N칰mero encontrado: 6,2125 (posi칞칚o 19)
2025-03-28 09:58:24,863 - INFO - XPath do n칰mero 6,2125: /[document][2]/html[4]/body[39]/div[4]/div[2]/div[8]/a[4]/div[1]
2025-03-28 09:58:24,863 - INFO - N칰mero encontrado: 6,2125 (posi칞칚o 19)
2025-03-28 09:58:55,377 - INFO - XPath do n칰mero 6,2201: /[document][2]/html[4]/body[39]/div[4]/div[2]/div[8]/a[4]/div[1]
2025-03-28 09:58:55,377 - INFO - N칰mero encontrado: 6,2201 (posi칞칚o 19)
2025-03-28 09:58:55,378 - INFO - Mudan칞a detectada: 6,2201 -> 6,2125
2025-03-28 09:59:26,794 - INFO - XPath do n칰mero 6,2201: /[document][2]/html[4]/body[39]/div[4]/div[2]/div[8]/a[4]/div[1]
2025-03-28 09:59:26,794 - INFO - N칰mero encontrado: 6,2201 (posi칞칚o 19)
2025-03-28 09:59:57,296 - INFO - XPath do n칰mero 6,2125: /[document][2]/html[4]/body[39]/div[4]/div[2]/div[8]/a[4]/div[1]
2025-03-28 09:59:57,296 - INFO - N칰mero encontrado: 6,2125 (posi칞칚o 19)
2025-03-28 09:59:57,297 - INFO - Mudan칞a detectada: 6,2125 -> 6,2201
2025-03-28 10:00:27,917 - INFO - XPath do n칰mero 6,2125: /[document][2]/html[4]/body[39]/div[4]/div[2]/div[8]/a[4]/div[1]
2025-03-28 10:00:27,917 - INFO - N칰mero encontrado: 6,2125 (posi칞칚o 19)
2025-03-28 10:00:58,298 - INFO - XPath do n칰mero 6,2081: /[document][2]/html[4]/body[39]/div[4]/div[2]/div[8]/a[4]/div[1]
2025-03-28 10:00:58,299 - INFO - N칰mero encontrado: 6,2081 (posi칞칚o 19)
2025-03-28 10:00:58,300 - INFO - Mudan칞a detectada: 6,2081 -> 6,2125
2025-03-28 10:01:28,836 - INFO - XPath do n칰mero 6,2093: /[document][2]/html[4]/body[39]/div[4]/div[2]/div[8]/a[4]/div[1]
2025-03-28 10:01:28,836 - INFO - N칰mero encontrado: 6,2093 (posi칞칚o 19)
2025-03-28 10:01:28,836 - INFO - Mudan칞a detectada: 6,2093 -> 6,2081
2025-03-28 10:01:59,301 - INFO - XPath do n칰mero 6,2093: /[document][2]/html[4]/body[39]/div[4]/div[2]/div[8]/a[4]/div[1]
2025-03-28 10:01:59,301 - INFO - N칰mero encontrado: 6,2093 (posi칞칚o 19)
2025-03-28 10:02:29,800 - INFO - XPath do n칰mero 6,2093: /[document][2]/html[4]/body[39]/div[4]/div[2]/div[8]/a[4]/div[1]
2025-03-28 10:02:29,800 - INFO - N칰mero encontrado: 6,2093 (posi칞칚o 19)
2025-03-28 10:03:00,869 - INFO - XPath do n칰mero 6,2093: /[document][2]/html[4]/body[39]/div[4]/div[2]/div[8]/a[4]/div[1]
2025-03-28 10:03:00,869 - INFO - N칰mero encontrado: 6,2093 (posi칞칚o 19)
2025-03-28 10:03:31,401 - INFO - XPath do n칰mero 6,2093: /[document][2]/html[4]/body[39]/div[4]/div[2]/div[8]/a[4]/div[1]
2025-03-28 10:03:31,401 - INFO - N칰mero encontrado: 6,2093 (posi칞칚o 19)
2025-03-28 10:04:02,110 - INFO - XPath do n칰mero 6,2081: /[document][2]/html[4]/body[39]/div[4]/div[2]/div[8]/a[4]/div[1]
2025-03-28 10:04:02,110 - INFO - N칰mero encontrado: 6,2081 (posi칞칚o 19)
2025-03-28 10:04:02,110 - INFO - Mudan칞a detectada: 6,2081 -> 6,2093
2025-03-28 10:04:32,824 - INFO - XPath do n칰mero 6,2093: /[document][2]/html[4]/body[39]/div[4]/div[2]/div[8]/a[4]/div[1]
2025-03-28 10:04:32,824 - INFO - N칰mero encontrado: 6,2093 (posi칞칚o 19)
2025-03-28 10:04:32,825 - INFO - Mudan칞a detectada: 6,2093 -> 6,2081
2025-03-28 10:05:03,220 - INFO - XPath do n칰mero 6,2093: /[document][2]/html[4]/body[39]/div[4]/div[2]/div[8]/a[4]/div[1]
2025-03-28 10:05:03,221 - INFO - N칰mero encontrado: 6,2093 (posi칞칚o 19)
2025-03-28 10:05:33,665 - INFO - XPath do n칰mero 6,2093: /[document][2]/html[4]/body[39]/div[4]/div[2]/div[8]/a[4]/div[1]
2025-03-28 10:05:33,665 - INFO - N칰mero encontrado: 6,2093 (posi칞칚o 19)
2025-03-28 10:06:04,197 - INFO - XPath do n칰mero 6,2041: /[document][2]/html[4]/body[39]/div[4]/div[2]/div[8]/a[4]/div[1]
2025-03-28 10:06:04,197 - INFO - N칰mero encontrado: 6,2041 (posi칞칚o 19)
2025-03-28 10:06:04,199 - INFO - Mudan칞a detectada: 6,2041 -> 6,2093
2025-03-28 10:06:34,705 - INFO - XPath do n칰mero 6,2041: /[document][2]/html[4]/body[39]/div[4]/div[2]/div[8]/a[4]/div[1]
2025-03-28 10:06:34,705 - INFO - N칰mero encontrado: 6,2041 (posi칞칚o 19)
2025-03-28 10:07:05,183 - INFO - XPath do n칰mero 6,2041: /[document][2]/html[4]/body[39]/div[4]/div[2]/div[8]/a[4]/div[1]
2025-03-28 10:07:05,183 - INFO - N칰mero encontrado: 6,2041 (posi칞칚o 19)
2025-03-28 10:07:35,551 - INFO - XPath do n칰mero 6,2041: /[document][2]/html[4]/body[39]/div[4]/div[2]/div[8]/a[4]/div[1]
2025-03-28 10:07:35,551 - INFO - N칰mero encontrado: 6,2041 (posi칞칚o 19)
2025-03-28 10:08:06,191 - INFO - XPath do n칰mero 6,2070: /[document][2]/html[4]/body[39]/div[4]/div[2]/div[8]/a[4]/div[1]
2025-03-28 10:08:06,191 - INFO - N칰mero encontrado: 6,2070 (posi칞칚o 19)
2025-03-28 10:08:06,205 - INFO - Mudan칞a detectada: 6,2070 -> 6,2041
2025-03-28 10:10:52,408 - Usu치rio: Giulia -  INFO - Usu치rio registrado e iniciou monitoramento.
2025-03-28 10:11:07,950 - Usu치rio: Giulia -  INFO - XPath do n칰mero 6,2100: /[document][2]/html[4]/body[39]/div[4]/div[2]/div[8]/a[4]/div[1]
2025-03-28 10:11:07,950 - Usu치rio: Giulia -  INFO - N칰mero encontrado: 6,2100 (posi칞칚o 19)
2025-03-28 10:11:38,360 - Usu치rio: Giulia -  INFO - XPath do n칰mero 6,2100: /[document][2]/html[4]/body[39]/div[4]/div[2]/div[8]/a[4]/div[1]
2025-03-28 10:11:38,361 - Usu치rio: Giulia -  INFO - N칰mero encontrado: 6,2100 (posi칞칚o 19)
2025-03-28 10:12:09,174 - Usu치rio: Giulia -  INFO - XPath do n칰mero 6,2100: /[document][2]/html[4]/body[39]/div[4]/div[2]/div[8]/a[4]/div[1]
2025-03-28 10:12:09,174 - Usu치rio: Giulia -  INFO - N칰mero encontrado: 6,2100 (posi칞칚o 19)
2025-03-28 10:12:39,591 - Usu치rio: Giulia -  INFO - XPath do n칰mero 6,2100: /[document][2]/html[4]/body[39]/div[4]/div[2]/div[8]/a[4]/div[1]
2025-03-28 10:12:39,593 - Usu치rio: Giulia -  INFO - N칰mero encontrado: 6,2100 (posi칞칚o 19)
2025-03-28 10:13:11,291 - Usu치rio: Giulia -  INFO - XPath do n칰mero 6,2100: /[document][2]/html[4]/body[39]/div[4]/div[2]/div[8]/a[4]/div[1]
2025-03-28 10:13:11,292 - Usu치rio: Giulia -  INFO - N칰mero encontrado: 6,2100 (posi칞칚o 19)
2025-03-28 10:13:43,649 - Usu치rio: Giulia -  INFO - XPath do n칰mero 6,2100: /[document][2]/html[4]/body[39]/div[4]/div[2]/div[8]/a[4]/div[1]
2025-03-28 10:13:43,649 - Usu치rio: Giulia -  INFO - N칰mero encontrado: 6,2100 (posi칞칚o 19)
2025-03-28 10:14:19,097 - Usu치rio: Giulia -  INFO - XPath do n칰mero 6,2124: /[document][2]/html[4]/body[39]/div[4]/div[2]/div[8]/a[4]/div[1]
2025-03-28 10:14:19,097 - Usu치rio: Giulia -  INFO - N칰mero encontrado: 6,2124 (posi칞칚o 19)
2025-03-28 10:14:19,099 - Usu치rio: Giulia -  INFO - Mudan칞a detectada: 6,2100 -> 6,2124
2025-03-28 10:14:49,680 - Usu치rio: Giulia -  INFO - XPath do n칰mero 6,2155: /[document][2]/html[4]/body[39]/div[4]/div[2]/div[8]/a[4]/div[1]
2025-03-28 10:14:49,681 - Usu치rio: Giulia -  INFO - N칰mero encontrado: 6,2155 (posi칞칚o 19)
2025-03-28 10:14:49,682 - Usu치rio: Giulia -  INFO - Mudan칞a detectada: 6,2124 -> 6,2155
2025-03-28 10:15:20,972 - Usu치rio: Giulia -  INFO - XPath do n칰mero 6,2155: /[document][2]/html[4]/body[39]/div[4]/div[2]/div[8]/a[4]/div[1]
2025-03-28 10:15:20,972 - Usu치rio: Giulia -  INFO - N칰mero encontrado: 6,2155 (posi칞칚o 19)
2025-03-28 10:15:51,518 - Usu치rio: Giulia -  INFO - XPath do n칰mero 6,2155: /[document][2]/html[4]/body[39]/div[4]/div[2]/div[8]/a[4]/div[1]
2025-03-28 10:15:51,518 - Usu치rio: Giulia -  INFO - N칰mero encontrado: 6,2155 (posi칞칚o 19)
2025-03-28 10:16:22,351 - Usu치rio: Giulia -  INFO - XPath do n칰mero 6,2155: /[document][2]/html[4]/body[39]/div[4]/div[2]/div[8]/a[4]/div[1]
2025-03-28 10:16:22,351 - Usu치rio: Giulia -  INFO - N칰mero encontrado: 6,2155 (posi칞칚o 19)
2025-03-28 10:16:52,949 - Usu치rio: Giulia -  INFO - XPath do n칰mero 6,2155: /[document][2]/html[4]/body[39]/div[4]/div[2]/div[8]/a[4]/div[1]
2025-03-28 10:16:52,949 - Usu치rio: Giulia -  INFO - N칰mero encontrado: 6,2155 (posi칞칚o 19)
2025-03-28 10:17:23,512 - Usu치rio: Giulia -  INFO - XPath do n칰mero 6,2155: /[document][2]/html[4]/body[39]/div[4]/div[2]/div[8]/a[4]/div[1]
2025-03-28 10:17:23,512 - Usu치rio: Giulia -  INFO - N칰mero encontrado: 6,2155 (posi칞칚o 19)
2025-03-28 10:17:55,901 - Usu치rio: Giulia -  INFO - XPath do n칰mero 6,2124: /[document][2]/html[4]/body[39]/div[4]/div[2]/div[8]/a[4]/div[1]
2025-03-28 10:17:55,901 - Usu치rio: Giulia -  INFO - N칰mero encontrado: 6,2124 (posi칞칚o 19)
2025-03-28 10:17:55,904 - Usu치rio: Giulia -  INFO - Mudan칞a detectada: 6,2155 -> 6,2124
2025-03-28 10:18:26,435 - Usu치rio: Giulia -  INFO - XPath do n칰mero 6,2124: /[document][2]/html[4]/body[39]/div[4]/div[2]/div[8]/a[4]/div[1]
2025-03-28 10:18:26,435 - Usu치rio: Giulia -  INFO - N칰mero encontrado: 6,2124 (posi칞칚o 19)
2025-03-28 10:18:56,929 - Usu치rio: Giulia -  INFO - XPath do n칰mero 6,2231: /[document][2]/html[4]/body[39]/div[4]/div[2]/div[8]/a[4]/div[1]
2025-03-28 10:18:56,930 - Usu치rio: Giulia -  INFO - N칰mero encontrado: 6,2231 (posi칞칚o 19)
2025-03-28 10:18:56,931 - Usu치rio: Giulia -  INFO - Mudan칞a detectada: 6,2124 -> 6,2231
2025-03-28 10:19:27,436 - Usu치rio: Giulia -  INFO - XPath do n칰mero 6,2259: /[document][2]/html[4]/body[39]/div[4]/div[2]/div[8]/a[4]/div[1]
2025-03-28 10:19:27,436 - Usu치rio: Giulia -  INFO - N칰mero encontrado: 6,2259 (posi칞칚o 19)
2025-03-28 10:19:27,436 - Usu치rio: Giulia -  INFO - Mudan칞a detectada: 6,2231 -> 6,2259
2025-03-28 10:19:57,916 - Usu치rio: Giulia -  INFO - XPath do n칰mero 6,2231: /[document][2]/html[4]/body[39]/div[4]/div[2]/div[8]/a[4]/div[1]
2025-03-28 10:19:57,916 - Usu치rio: Giulia -  INFO - N칰mero encontrado: 6,2231 (posi칞칚o 19)
2025-03-28 10:19:57,917 - Usu치rio: Giulia -  INFO - Mudan칞a detectada: 6,2259 -> 6,2231
2025-03-28 10:20:28,607 - Usu치rio: Giulia -  INFO - XPath do n칰mero 6,2259: /[document][2]/html[4]/body[39]/div[4]/div[2]/div[8]/a[4]/div[1]
2025-03-28 10:20:28,607 - Usu치rio: Giulia -  INFO - N칰mero encontrado: 6,2259 (posi칞칚o 19)
2025-03-28 10:20:28,609 - Usu치rio: Giulia -  INFO - Mudan칞a detectada: 6,2231 -> 6,2259
2025-03-28 10:20:59,551 - Usu치rio: Giulia -  INFO - XPath do n칰mero 6,2259: /[document][2]/html[4]/body[39]/div[4]/div[2]/div[8]/a[4]/div[1]
2025-03-28 10:20:59,552 - Usu치rio: Giulia -  INFO - N칰mero encontrado: 6,2259 (posi칞칚o 19)
2025-03-28 10:21:30,536 - Usu치rio: Giulia -  INFO - XPath do n칰mero 6,2259: /[document][2]/html[4]/body[39]/div[4]/div[2]/div[8]/a[4]/div[1]
2025-03-28 10:21:30,536 - Usu치rio: Giulia -  INFO - N칰mero encontrado: 6,2259 (posi칞칚o 19)
2025-03-28 10:22:01,421 - Usu치rio: Giulia -  INFO - XPath do n칰mero 6,2259: /[document][2]/html[4]/body[39]/div[4]/div[2]/div[8]/a[4]/div[1]
2025-03-28 10:22:01,422 - Usu치rio: Giulia -  INFO - N칰mero encontrado: 6,2259 (posi칞칚o 19)
2025-03-28 10:22:32,532 - Usu치rio: Giulia -  INFO - XPath do n칰mero 6,2265: /[document][2]/html[4]/body[39]/div[4]/div[2]/div[8]/a[4]/div[1]
2025-03-28 10:22:32,533 - Usu치rio: Giulia -  INFO - N칰mero encontrado: 6,2265 (posi칞칚o 19)
2025-03-28 10:22:32,534 - Usu치rio: Giulia -  INFO - Mudan칞a detectada: 6,2259 -> 6,2265
2025-03-28 10:23:02,999 - Usu치rio: Giulia -  INFO - XPath do n칰mero 6,2265: /[document][2]/html[4]/body[39]/div[4]/div[2]/div[8]/a[4]/div[1]
2025-03-28 10:23:02,999 - Usu치rio: Giulia -  INFO - N칰mero encontrado: 6,2265 (posi칞칚o 19)
2025-03-28 10:23:33,518 - Usu치rio: Giulia -  INFO - XPath do n칰mero 6,2265: /[document][2]/html[4]/body[39]/div[4]/div[2]/div[8]/a[4]/div[1]
2025-03-28 10:23:33,518 - Usu치rio: Giulia -  INFO - N칰mero encontrado: 6,2265 (posi칞칚o 19)
2025-03-28 10:24:04,137 - Usu치rio: Giulia -  INFO - XPath do n칰mero 6,2225: /[document][2]/html[4]/body[39]/div[4]/div[2]/div[8]/a[4]/div[1]
2025-03-28 10:24:04,137 - Usu치rio: Giulia -  INFO - N칰mero encontrado: 6,2225 (posi칞칚o 19)
2025-03-28 10:24:04,138 - Usu치rio: Giulia -  INFO - Mudan칞a detectada: 6,2265 -> 6,2225
2025-03-28 10:24:34,822 - Usu치rio: Giulia -  INFO - XPath do n칰mero 6,2225: /[document][2]/html[4]/body[39]/div[4]/div[2]/div[8]/a[4]/div[1]
2025-03-28 10:24:34,822 - Usu치rio: Giulia -  INFO - N칰mero encontrado: 6,2225 (posi칞칚o 19)
2025-03-28 10:25:05,521 - Usu치rio: Giulia -  INFO - XPath do n칰mero 6,2225: /[document][2]/html[4]/body[39]/div[4]/div[2]/div[8]/a[4]/div[1]
2025-03-28 10:25:05,522 - Usu치rio: Giulia -  INFO - N칰mero encontrado: 6,2225 (posi칞칚o 19)
2025-03-28 10:25:37,133 - Usu치rio: Giulia -  INFO - XPath do n칰mero 6,2225: /[document][2]/html[4]/body[39]/div[4]/div[2]/div[8]/a[4]/div[1]
2025-03-28 10:25:37,133 - Usu치rio: Giulia -  INFO - N칰mero encontrado: 6,2225 (posi칞칚o 19)
2025-03-28 10:26:08,129 - Usu치rio: Giulia -  INFO - XPath do n칰mero 6,2225: /[document][2]/html[4]/body[39]/div[4]/div[2]/div[8]/a[4]/div[1]
2025-03-28 10:26:08,129 - Usu치rio: Giulia -  INFO - N칰mero encontrado: 6,2225 (posi칞칚o 19)
2025-03-28 10:26:38,614 - Usu치rio: Giulia -  INFO - XPath do n칰mero 6,2287: /[document][2]/html[4]/body[39]/div[4]/div[2]/div[8]/a[4]/div[1]
2025-03-28 10:26:38,614 - Usu치rio: Giulia -  INFO - N칰mero encontrado: 6,2287 (posi칞칚o 19)
2025-03-28 10:26:38,616 - Usu치rio: Giulia -  INFO - Mudan칞a detectada: 6,2225 -> 6,2287
2025-03-28 10:27:09,918 - Usu치rio: Giulia -  INFO - XPath do n칰mero 6,2287: /[document][2]/html[4]/body[39]/div[4]/div[2]/div[8]/a[4]/div[1]
2025-03-28 10:27:09,918 - Usu치rio: Giulia -  INFO - N칰mero encontrado: 6,2287 (posi칞칚o 19)
2025-03-28 10:27:42,180 - Usu치rio: Giulia -  INFO - Usu치rio registrado e iniciou monitoramento.
2025-03-28 10:27:48,734 - Usu치rio: Giulia -  INFO - XPath do n칰mero 6,2287: /[document][2]/html[4]/body[39]/div[4]/div[2]/div[8]/a[4]/div[1]
2025-03-28 10:27:48,735 - Usu치rio: Giulia -  INFO - N칰mero encontrado: 6,2287 (posi칞칚o 19)
2025-03-28 10:28:20,041 - Usu치rio: Giulia -  INFO - XPath do n칰mero 6,2287: /[document][2]/html[4]/body[39]/div[4]/div[2]/div[8]/a[4]/div[1]
2025-03-28 10:28:20,041 - Usu치rio: Giulia -  INFO - N칰mero encontrado: 6,2287 (posi칞칚o 19)
2025-03-28 10:28:50,668 - Usu치rio: Giulia -  INFO - XPath do n칰mero 6,2287: /[document][2]/html[4]/body[39]/div[4]/div[2]/div[8]/a[4]/div[1]
2025-03-28 10:28:50,669 - Usu치rio: Giulia -  INFO - N칰mero encontrado: 6,2287 (posi칞칚o 19)
2025-03-28 10:29:22,099 - Usu치rio: Giulia -  INFO - XPath do n칰mero 6,2287: /[document][2]/html[4]/body[39]/div[4]/div[2]/div[8]/a[4]/div[1]
2025-03-28 10:29:22,099 - Usu치rio: Giulia -  INFO - N칰mero encontrado: 6,2287 (posi칞칚o 19)
2025-03-28 10:29:53,529 - Usu치rio: Giulia -  INFO - XPath do n칰mero 6,2287: /[document][2]/html[4]/body[39]/div[4]/div[2]/div[8]/a[4]/div[1]
2025-03-28 10:29:53,529 - Usu치rio: Giulia -  INFO - N칰mero encontrado: 6,2287 (posi칞칚o 19)
2025-03-28 10:30:24,159 - Usu치rio: Giulia -  INFO - XPath do n칰mero 6,2287: /[document][2]/html[4]/body[39]/div[4]/div[2]/div[8]/a[4]/div[1]
2025-03-28 10:30:24,159 - Usu치rio: Giulia -  INFO - N칰mero encontrado: 6,2287 (posi칞칚o 19)
2025-03-28 10:30:54,663 - Usu치rio: Giulia -  INFO - XPath do n칰mero 6,2287: /[document][2]/html[4]/body[39]/div[4]/div[2]/div[8]/a[4]/div[1]
2025-03-28 10:30:54,663 - Usu치rio: Giulia -  INFO - N칰mero encontrado: 6,2287 (posi칞칚o 19)
2025-03-28 10:31:25,360 - Usu치rio: Giulia -  INFO - XPath do n칰mero 6,2287: /[document][2]/html[4]/body[39]/div[4]/div[2]/div[8]/a[4]/div[1]
2025-03-28 10:31:25,361 - Usu치rio: Giulia -  INFO - N칰mero encontrado: 6,2287 (posi칞칚o 19)
2025-03-28 10:31:56,769 - Usu치rio: Giulia -  INFO - XPath do n칰mero 6,2280: /[document][2]/html[4]/body[39]/div[4]/div[2]/div[8]/a[4]/div[1]
2025-03-28 10:31:56,770 - Usu치rio: Giulia -  INFO - N칰mero encontrado: 6,2280 (posi칞칚o 19)
2025-03-28 10:31:56,771 - Usu치rio: Giulia -  INFO - 游뚿 Mudan칞a detectada: 6,2287 -> 6,2280
2025-03-28 10:32:27,661 - Usu치rio: Giulia -  INFO - XPath do n칰mero 6,2280: /[document][2]/html[4]/body[39]/div[4]/div[2]/div[8]/a[4]/div[1]
2025-03-28 10:32:27,661 - Usu치rio: Giulia -  INFO - N칰mero encontrado: 6,2280 (posi칞칚o 19)
2025-03-28 10:32:58,441 - Usu치rio: Giulia -  INFO - XPath do n칰mero 6,2280: /[document][2]/html[4]/body[39]/div[4]/div[2]/div[8]/a[4]/div[1]
2025-03-28 10:32:58,441 - Usu치rio: Giulia -  INFO - N칰mero encontrado: 6,2280 (posi칞칚o 19)
2025-03-28 10:33:29,201 - Usu치rio: Giulia -  INFO - XPath do n칰mero 6,2301: /[document][2]/html[4]/body[39]/div[4]/div[2]/div[8]/a[4]/div[1]
2025-03-28 10:33:29,204 - Usu치rio: Giulia -  INFO - N칰mero encontrado: 6,2301 (posi칞칚o 19)
2025-03-28 10:33:29,204 - Usu치rio: Giulia -  INFO - 游뚿 Mudan칞a detectada: 6,2280 -> 6,2301
2025-03-28 10:34:00,065 - Usu치rio: Giulia -  INFO - XPath do n칰mero 6,2301: /[document][2]/html[4]/body[39]/div[4]/div[2]/div[8]/a[4]/div[1]
2025-03-28 10:34:00,065 - Usu치rio: Giulia -  INFO - N칰mero encontrado: 6,2301 (posi칞칚o 19)
2025-03-28 10:34:31,001 - Usu치rio: Giulia -  INFO - XPath do n칰mero 6,2323: /[document][2]/html[4]/body[39]/div[4]/div[2]/div[8]/a[4]/div[1]
2025-03-28 10:34:31,001 - Usu치rio: Giulia -  INFO - N칰mero encontrado: 6,2323 (posi칞칚o 19)
2025-03-28 10:34:31,002 - Usu치rio: Giulia -  INFO - 游뚿 Mudan칞a detectada: 6,2301 -> 6,2323
2025-03-28 10:35:01,993 - Usu치rio: Giulia -  INFO - XPath do n칰mero 6,2323: /[document][2]/html[4]/body[39]/div[4]/div[2]/div[8]/a[4]/div[1]
2025-03-28 10:35:01,993 - Usu치rio: Giulia -  INFO - N칰mero encontrado: 6,2323 (posi칞칚o 19)
2025-03-28 10:35:33,079 - Usu치rio: Giulia -  INFO - XPath do n칰mero 6,2323: /[document][2]/html[4]/body[39]/div[4]/div[2]/div[8]/a[4]/div[1]
2025-03-28 10:35:33,079 - Usu치rio: Giulia -  INFO - N칰mero encontrado: 6,2323 (posi칞칚o 19)
2025-03-28 10:36:05,083 - Usu치rio: Giulia -  INFO - XPath do n칰mero 6,2323: /[document][2]/html[4]/body[39]/div[4]/div[2]/div[8]/a[4]/div[1]
2025-03-28 10:36:05,083 - Usu치rio: Giulia -  INFO - N칰mero encontrado: 6,2323 (posi칞칚o 19)
2025-03-28 10:36:36,241 - Usu치rio: Giulia -  INFO - XPath do n칰mero 6,2323: /[document][2]/html[4]/body[39]/div[4]/div[2]/div[8]/a[4]/div[1]
2025-03-28 10:36:36,242 - Usu치rio: Giulia -  INFO - N칰mero encontrado: 6,2323 (posi칞칚o 19)
2025-03-28 10:37:07,282 - Usu치rio: Giulia -  INFO - XPath do n칰mero 6,2323: /[document][2]/html[4]/body[39]/div[4]/div[2]/div[8]/a[4]/div[1]
2025-03-28 10:37:07,282 - Usu치rio: Giulia -  INFO - N칰mero encontrado: 6,2323 (posi칞칚o 19)
2025-03-28 10:37:38,319 - Usu치rio: Giulia -  INFO - XPath do n칰mero 6,2327: /[document][2]/html[4]/body[39]/div[4]/div[2]/div[8]/a[4]/div[1]
2025-03-28 10:37:38,320 - Usu치rio: Giulia -  INFO - N칰mero encontrado: 6,2327 (posi칞칚o 19)
2025-03-28 10:37:38,321 - Usu치rio: Giulia -  INFO - 游뚿 Mudan칞a detectada: 6,2323 -> 6,2327
2025-03-28 10:38:08,942 - Usu치rio: Giulia -  INFO - XPath do n칰mero 6,2327: /[document][2]/html[4]/body[39]/div[4]/div[2]/div[8]/a[4]/div[1]
2025-03-28 10:38:08,943 - Usu치rio: Giulia -  INFO - N칰mero encontrado: 6,2327 (posi칞칚o 19)
2025-03-28 10:38:39,620 - Usu치rio: Giulia -  INFO - XPath do n칰mero 6,2327: /[document][2]/html[4]/body[39]/div[4]/div[2]/div[8]/a[4]/div[1]
2025-03-28 10:38:39,620 - Usu치rio: Giulia -  INFO - N칰mero encontrado: 6,2327 (posi칞칚o 19)
2025-03-28 10:39:10,135 - Usu치rio: Giulia -  INFO - XPath do n칰mero 6,2327: /[document][2]/html[4]/body[39]/div[4]/div[2]/div[8]/a[4]/div[1]
2025-03-28 10:39:10,135 - Usu치rio: Giulia -  INFO - N칰mero encontrado: 6,2327 (posi칞칚o 19)
2025-03-28 10:39:41,129 - Usu치rio: Giulia -  INFO - XPath do n칰mero 6,2327: /[document][2]/html[4]/body[39]/div[4]/div[2]/div[8]/a[4]/div[1]
2025-03-28 10:39:41,129 - Usu치rio: Giulia -  INFO - N칰mero encontrado: 6,2327 (posi칞칚o 19)
2025-03-28 10:40:12,094 - Usu치rio: Giulia -  INFO - XPath do n칰mero 6,2359: /[document][2]/html[4]/body[39]/div[4]/div[2]/div[8]/a[4]/div[1]
2025-03-28 10:40:12,095 - Usu치rio: Giulia -  INFO - N칰mero encontrado: 6,2359 (posi칞칚o 19)
2025-03-28 10:40:12,096 - Usu치rio: Giulia -  INFO - 游뚿 Mudan칞a detectada: 6,2327 -> 6,2359
2025-03-28 10:40:43,241 - Usu치rio: Giulia -  INFO - XPath do n칰mero 6,2359: /[document][2]/html[4]/body[39]/div[4]/div[2]/div[8]/a[4]/div[1]
2025-03-28 10:40:43,242 - Usu치rio: Giulia -  INFO - N칰mero encontrado: 6,2359 (posi칞칚o 19)
2025-03-28 10:41:14,147 - Usu치rio: Giulia -  INFO - XPath do n칰mero 6,2359: /[document][2]/html[4]/body[39]/div[4]/div[2]/div[8]/a[4]/div[1]
2025-03-28 10:41:14,147 - Usu치rio: Giulia -  INFO - N칰mero encontrado: 6,2359 (posi칞칚o 19)
2025-03-28 10:41:44,895 - Usu치rio: Giulia -  INFO - XPath do n칰mero 6,2359: /[document][2]/html[4]/body[39]/div[4]/div[2]/div[8]/a[4]/div[1]
2025-03-28 10:41:44,895 - Usu치rio: Giulia -  INFO - N칰mero encontrado: 6,2359 (posi칞칚o 19)
2025-03-28 10:42:15,785 - Usu치rio: Giulia -  INFO - XPath do n칰mero 6,2359: /[document][2]/html[4]/body[39]/div[4]/div[2]/div[8]/a[4]/div[1]
2025-03-28 10:42:15,785 - Usu치rio: Giulia -  INFO - N칰mero encontrado: 6,2359 (posi칞칚o 19)
2025-03-28 10:42:47,224 - Usu치rio: Giulia -  INFO - XPath do n칰mero 6,2359: /[document][2]/html[4]/body[39]/div[4]/div[2]/div[8]/a[4]/div[1]
2025-03-28 10:42:47,225 - Usu치rio: Giulia -  INFO - N칰mero encontrado: 6,2359 (posi칞칚o 19)
2025-03-28 10:43:17,629 - Usu치rio: Giulia -  INFO - XPath do n칰mero 6,2333: /[document][2]/html[4]/body[39]/div[4]/div[2]/div[8]/a[4]/div[1]
2025-03-28 10:43:17,629 - Usu치rio: Giulia -  INFO - N칰mero encontrado: 6,2333 (posi칞칚o 19)
2025-03-28 10:43:17,630 - Usu치rio: Giulia -  INFO - 游뚿 Mudan칞a detectada: 6,2359 -> 6,2333
2025-03-28 10:43:49,075 - Usu치rio: Giulia -  INFO - XPath do n칰mero 6,2333: /[document][2]/html[4]/body[39]/div[4]/div[2]/div[8]/a[4]/div[1]
2025-03-28 10:43:49,076 - Usu치rio: Giulia -  INFO - N칰mero encontrado: 6,2333 (posi칞칚o 19)
2025-03-28 10:44:20,108 - Usu치rio: Giulia -  INFO - XPath do n칰mero 6,2337: /[document][2]/html[4]/body[39]/div[4]/div[2]/div[8]/a[4]/div[1]
2025-03-28 10:44:20,108 - Usu치rio: Giulia -  INFO - N칰mero encontrado: 6,2337 (posi칞칚o 19)
2025-03-28 10:44:20,116 - Usu치rio: Giulia -  INFO - 游뚿 Mudan칞a detectada: 6,2333 -> 6,2337
2025-03-28 10:44:50,852 - Usu치rio: Giulia -  INFO - XPath do n칰mero 6,2337: /[document][2]/html[4]/body[39]/div[4]/div[2]/div[8]/a[4]/div[1]
2025-03-28 10:44:50,852 - Usu치rio: Giulia -  INFO - N칰mero encontrado: 6,2337 (posi칞칚o 19)
2025-03-28 10:45:21,568 - Usu치rio: Giulia -  INFO - XPath do n칰mero 6,2337: /[document][2]/html[4]/body[39]/div[4]/div[2]/div[8]/a[4]/div[1]
2025-03-28 10:45:21,568 - Usu치rio: Giulia -  INFO - N칰mero encontrado: 6,2337 (posi칞칚o 19)
2025-03-28 10:45:52,349 - Usu치rio: Giulia -  INFO - XPath do n칰mero 6,2337: /[document][2]/html[4]/body[39]/div[4]/div[2]/div[8]/a[4]/div[1]
2025-03-28 10:45:52,349 - Usu치rio: Giulia -  INFO - N칰mero encontrado: 6,2337 (posi칞칚o 19)
2025-03-28 10:46:22,843 - Usu치rio: Giulia -  INFO - XPath do n칰mero 6,2337: /[document][2]/html[4]/body[39]/div[4]/div[2]/div[8]/a[4]/div[1]
2025-03-28 10:46:22,843 - Usu치rio: Giulia -  INFO - N칰mero encontrado: 6,2337 (posi칞칚o 19)
2025-03-28 10:46:54,442 - Usu치rio: Giulia -  INFO - XPath do n칰mero 6,2337: /[document][2]/html[4]/body[39]/div[4]/div[2]/div[8]/a[4]/div[1]
2025-03-28 10:46:54,442 - Usu치rio: Giulia -  INFO - N칰mero encontrado: 6,2337 (posi칞칚o 19)
2025-03-28 10:47:25,234 - Usu치rio: Giulia -  INFO - XPath do n칰mero 6,2340: /[document][2]/html[4]/body[39]/div[4]/div[2]/div[8]/a[4]/div[1]
2025-03-28 10:47:25,234 - Usu치rio: Giulia -  INFO - N칰mero encontrado: 6,2340 (posi칞칚o 19)
2025-03-28 10:47:25,236 - Usu치rio: Giulia -  INFO - 游뚿 Mudan칞a detectada: 6,2337 -> 6,2340
2025-03-28 10:47:55,807 - Usu치rio: Giulia -  INFO - XPath do n칰mero 6,2340: /[document][2]/html[4]/body[39]/div[4]/div[2]/div[8]/a[4]/div[1]
2025-03-28 10:47:55,807 - Usu치rio: Giulia -  INFO - N칰mero encontrado: 6,2340 (posi칞칚o 19)
2025-03-28 10:48:26,860 - Usu치rio: Giulia -  INFO - XPath do n칰mero 6,2340: /[document][2]/html[4]/body[39]/div[4]/div[2]/div[8]/a[4]/div[1]
2025-03-28 10:48:26,860 - Usu치rio: Giulia -  INFO - N칰mero encontrado: 6,2340 (posi칞칚o 19)
2025-03-28 10:48:57,354 - Usu치rio: Giulia -  INFO - XPath do n칰mero 6,2302: /[document][2]/html[4]/body[39]/div[4]/div[2]/div[8]/a[4]/div[1]
2025-03-28 10:48:57,354 - Usu치rio: Giulia -  INFO - N칰mero encontrado: 6,2302 (posi칞칚o 19)
2025-03-28 10:48:57,356 - Usu치rio: Giulia -  INFO - 游뚿 Mudan칞a detectada: 6,2340 -> 6,2302
2025-03-28 10:49:27,746 - Usu치rio: Giulia -  INFO - XPath do n칰mero 6,2302: /[document][2]/html[4]/body[39]/div[4]/div[2]/div[8]/a[4]/div[1]
2025-03-28 10:49:27,746 - Usu치rio: Giulia -  INFO - N칰mero encontrado: 6,2302 (posi칞칚o 19)
2025-03-28 10:49:59,182 - Usu치rio: Giulia -  INFO - XPath do n칰mero 6,2302: /[document][2]/html[4]/body[39]/div[4]/div[2]/div[8]/a[4]/div[1]
2025-03-28 10:49:59,182 - Usu치rio: Giulia -  INFO - N칰mero encontrado: 6,2302 (posi칞칚o 19)
2025-03-28 10:50:29,863 - Usu치rio: Giulia -  INFO - XPath do n칰mero 6,2302: /[document][2]/html[4]/body[39]/div[4]/div[2]/div[8]/a[4]/div[1]
2025-03-28 10:50:29,863 - Usu치rio: Giulia -  INFO - N칰mero encontrado: 6,2302 (posi칞칚o 19)
2025-03-28 10:51:00,602 - Usu치rio: Giulia -  INFO - XPath do n칰mero 6,2302: /[document][2]/html[4]/body[39]/div[4]/div[2]/div[8]/a[4]/div[1]
2025-03-28 10:51:00,602 - Usu치rio: Giulia -  INFO - N칰mero encontrado: 6,2302 (posi칞칚o 19)
2025-03-28 10:51:31,003 - Usu치rio: Giulia -  INFO - XPath do n칰mero 6,2289: /[document][2]/html[4]/body[39]/div[4]/div[2]/div[8]/a[4]/div[1]
2025-03-28 10:51:31,003 - Usu치rio: Giulia -  INFO - N칰mero encontrado: 6,2289 (posi칞칚o 19)
2025-03-28 10:51:31,005 - Usu치rio: Giulia -  INFO - 游뚿 Mudan칞a detectada: 6,2302 -> 6,2289
2025-03-28 10:52:02,461 - Usu치rio: Giulia -  INFO - XPath do n칰mero 6,2289: /[document][2]/html[4]/body[39]/div[4]/div[2]/div[8]/a[4]/div[1]
2025-03-28 10:52:02,461 - Usu치rio: Giulia -  INFO - N칰mero encontrado: 6,2289 (posi칞칚o 19)
2025-03-28 10:52:33,139 - Usu치rio: Giulia -  INFO - XPath do n칰mero 6,2302: /[document][2]/html[4]/body[39]/div[4]/div[2]/div[8]/a[4]/div[1]
2025-03-28 10:52:33,140 - Usu치rio: Giulia -  INFO - N칰mero encontrado: 6,2302 (posi칞칚o 19)
2025-03-28 10:52:33,141 - Usu치rio: Giulia -  INFO - 游뚿 Mudan칞a detectada: 6,2289 -> 6,2302
